<?xml version="1.0" encoding="UTF-8"?>
<!-- Generated by org.testng.reporters.JUnitXMLReporter -->
<testsuite ignored="0" hostname="DESKTOP-460CLSS" failures="0" tests="10" name="MyTest" time="20.933" errors="0" timestamp="2024-10-25T18:16:20 CDT">
  <testcase classname="TestNG.OrangeHRMtestcase" name="Openapp" time="8.276"/>
  <testcase classname="TestNG.OrangeHRMtestcase" name="Testlogo" time="3.163"/>
  <testcase classname="TestNG.OrangeHRMtestcase" name="Login" time="2.167"/>
  <testcase classname="TestNG.OrangeHRMtestcase" name="Logout" time="1.038"/>
  <testcase classname="TestNG.Firsttestcase" name="Openapp" time="0.002"/>
  <testcase classname="TestNG.Firsttestcase" name="Login" time="0.002"/>
  <testcase classname="TestNG.Firsttestcase" name="Logout" time="0.004"/>
  <testcase classname="TestNG.Uma" name="openurl" time="5.137"/>
  <testcase classname="TestNG.Uma" name="checklogo" time="0.039"/>
  <testcase classname="TestNG.Uma" name="close" time="0.967"/>
</testsuite> <!-- MyTest -->
