<?xml version="1.0" encoding="UTF-8"?>
<!-- Generated by org.testng.reporters.JUnitXMLReporter -->
<testsuite ignored="0" hostname="DESKTOP-460CLSS" failures="0" tests="13" name="MyTest" time="17.642" errors="0" timestamp="2024-10-26T12:36:47 CDT">
  <testcase classname="TestNG.OrangeHRMtestcase" name="Openapp" time="4.086"/>
  <testcase classname="TestNG.OrangeHRMtestcase" name="Testlogo" time="3.088"/>
  <testcase classname="TestNG.OrangeHRMtestcase" name="Login" time="1.26"/>
  <testcase classname="TestNG.OrangeHRMtestcase" name="Logout" time="0.599"/>
  <testcase classname="TestNG.Testautomationpractice" name="openurl" time="3.349"/>
  <testcase classname="TestNG.Testautomationpractice" name="checklogo" time="0.079"/>
  <testcase classname="TestNG.Testautomationpractice" name="close" time="0.676"/>
  <testcase classname="TestNG.Googletestcase" name="Openurl" time="3.723"/>
  <testcase classname="TestNG.Googletestcase" name="Checklogo" time="0.068"/>
  <testcase classname="TestNG.Googletestcase" name="Logout" time="0.542"/>
  <testcase classname="TestNG.Firsttestcase" name="Openapp" time="0.004"/>
  <testcase classname="TestNG.Firsttestcase" name="Login" time="0.003"/>
  <testcase classname="TestNG.Firsttestcase" name="Logout" time="0.002"/>
</testsuite> <!-- MyTest -->
