<?xml version="1.0" encoding="UTF-8"?>
<!-- Generated by org.testng.reporters.JUnitXMLReporter -->
<testsuite ignored="0" hostname="DESKTOP-460CLSS" failures="0" tests="4" name="Default test" time="13.51" errors="0" timestamp="2024-10-25T10:39:44 CDT">
  <testcase classname="TestNG.OrangeHRMtestcase" name="openapp" time="7.76"/>
  <testcase classname="TestNG.OrangeHRMtestcase" name="testlogo" time="3.162"/>
  <testcase classname="TestNG.OrangeHRMtestcase" name="login" time="0.537"/>
  <testcase classname="TestNG.OrangeHRMtestcase" name="Close" time="1.896"/>
</testsuite> <!-- Default test -->
