<?xml version="1.0" encoding="UTF-8"?>
<!-- Generated by org.testng.reporters.JUnitXMLReporter -->
<testsuite ignored="0" hostname="DESKTOP-460CLSS" failures="0" tests="4" name="Default test" time="16.833" errors="0" timestamp="2024-10-25T18:14:27 CDT">
  <testcase classname="TestNG.OrangeHRMtestcase" name="Openapp" time="10.539"/>
  <testcase classname="TestNG.OrangeHRMtestcase" name="Testlogo" time="3.151"/>
  <testcase classname="TestNG.OrangeHRMtestcase" name="Login" time="1.472"/>
  <testcase classname="TestNG.OrangeHRMtestcase" name="Logout" time="1.535"/>
</testsuite> <!-- Default test -->
