<?xml version="1.0" encoding="UTF-8"?>
<!-- Generated by org.testng.reporters.JUnitXMLReporter -->
<testsuite ignored="0" hostname="DESKTOP-460CLSS" failures="0" tests="5" name="A1" time="51.058" errors="0" timestamp="2024-11-01T14:58:35 CDT">
  <testcase classname="Homeworks.T2" name="f" time="15.099"/>
  <testcase classname="Homeworks.U1" name="A1" time="7.768"/>
  <testcase classname="Homeworks.U_2" name="f" time="7.718"/>
  <testcase classname="Homeworks.A1" name="f" time="9.586"/>
  <testcase classname="Homeworks.Uma1" name="Google" time="10.805"/>
</testsuite> <!-- A1 -->
