<?xml version="1.0" encoding="UTF-8"?>
<!-- Generated by org.testng.reporters.JUnitXMLReporter -->
<testsuite ignored="0" hostname="DESKTOP-460CLSS" failures="0" tests="12" name="A1" time="223.237" errors="0" timestamp="2025-01-23T17:19:02 CST">
  <testcase classname="Classwork.iframe" name="f" time="25.693"/>
  <testcase classname="GoogleHomeworks.E1" name="A" time="9.032"/>
  <testcase classname="GoogleHomeworks.E1" name="B" time="16.47"/>
  <testcase classname="GoogleHomeworks.E1" name="C" time="17.771"/>
  <testcase classname="GoogleHomeworks.G1" name="B" time="16.456"/>
  <testcase classname="GoogleHomeworks.G1" name="A" time="9.147"/>
  <testcase classname="GoogleHomeworks.G1" name="C" time="15.939"/>
  <testcase classname="GoogleHomeworks.F1" name="A" time="8.691"/>
  <testcase classname="GoogleHomeworks.F1" name="B" time="17.106"/>
  <testcase classname="GoogleHomeworks.F1" name="C" time="17.014"/>
  <testcase classname="DatePickerPractice.A" name="launchapplication" time="8.155"/>
  <testcase classname="DatePickerPractice.A" name="A" time="10.013"/>
</testsuite> <!-- A1 -->
