<?xml version="1.0" encoding="UTF-8"?>
<!-- Generated by org.testng.reporters.JUnitXMLReporter -->
<testsuite ignored="0" hostname="DESKTOP-460CLSS" failures="0" tests="18" name="Test" time="241.654" errors="0" timestamp="2025-01-08T08:52:03 CST">
  <testcase classname="Classwork.iframe" name="f" time="19.82"/>
  <testcase classname="DatePickerPractice.H" name="A" time="4.062"/>
  <testcase classname="DatePickerPractice.H" name="B" time="10.89"/>
  <testcase classname="DatePickerPractice.G" name="A" time="3.366"/>
  <testcase classname="DatePickerPractice.G" name="B" time="14.423"/>
  <testcase classname="DatePickerPractice.F" name="A" time="3.507"/>
  <testcase classname="DatePickerPractice.F" name="B" time="23.283"/>
  <testcase classname="DatePickerPractice.E" name="B" time="12.986"/>
  <testcase classname="DatePickerPractice.E" name="A" time="3.968"/>
  <testcase classname="DatePickerPractice.D" name="A" time="22.085"/>
  <testcase classname="DatePickerPractice.C" name="A" time="17.486"/>
  <testcase classname="GoogleHomeworks.A" name="A" time="4.901"/>
  <testcase classname="GoogleHomeworks.A" name="B" time="10.509"/>
  <testcase classname="GoogleHomeworks.A" name="C" time="12.375"/>
  <testcase classname="DatePickerPractice.B" name="A" time="4.066"/>
  <testcase classname="DatePickerPractice.B" name="B" time="5.61"/>
  <testcase classname="DatePickerPractice.A" name="launchapplication" time="3.43"/>
  <testcase classname="DatePickerPractice.A" name="A" time="5.351"/>
</testsuite> <!-- Test -->
