<?xml version="1.0" encoding="UTF-8"?>
<!-- Generated by org.testng.reporters.JUnitXMLReporter -->
<testsuite ignored="0" hostname="DESKTOP-460CLSS" failures="0" tests="12" name="Test123" time="112.516" errors="0" timestamp="2024-11-16T10:33:47 CST">
  <testcase classname="GoogleHomeworks.B" name="Bf" time="14.215"/>
  <testcase classname="GoogleHomeworks.U1" name="A1" time="9.41"/>
  <testcase classname="GoogleHomeworks.E1" name="fE1" time="10.359"/>
  <testcase classname="GoogleHomeworks.D1" name="fD1" time="9.936"/>
  <testcase classname="GoogleHomeworks.U_2" name="f" time="7.339"/>
  <testcase classname="GoogleHomeworks.F1" name="F1f" time="8.345"/>
  <testcase classname="GoogleHomeworks.A1" name="f" time="8.196"/>
  <testcase classname="GoogleHomeworks.A" name="Af" time="10.573"/>
  <testcase classname="GoogleHomeworks.C1" name="fC1" time="9.738"/>
  <testcase classname="GoogleHomeworks.T2" name="f" time="8.184"/>
  <testcase classname="GoogleHomeworks.B1" name="b1" time="7.24"/>
  <testcase classname="GoogleHomeworks.Uma1" name="Google" time="8.87"/>
</testsuite> <!-- Test123 -->
