<?xml version="1.0" encoding="UTF-8"?>
<!-- Generated by org.testng.reporters.JUnitXMLReporter -->
<testsuite ignored="0" hostname="DESKTOP-460CLSS" failures="0" tests="15" name="Test" time="36.619" errors="0" timestamp="2024-10-28T15:41:27 CDT">
  <testcase classname="TestNG.Firsttestcase" name="Openapp" time="0.022"/>
  <testcase classname="TestNG.Firsttestcase" name="Login" time="0.005"/>
  <testcase classname="TestNG.Firsttestcase" name="Logout" time="0.007"/>
  <testcase classname="TestNG.OrangeHRMtestcase" name="Openapp" time="5.084"/>
  <testcase classname="TestNG.OrangeHRMtestcase" name="Testlogo" time="3.085"/>
  <testcase classname="TestNG.OrangeHRMtestcase" name="Login" time="1.113"/>
  <testcase classname="TestNG.OrangeHRMtestcase" name="Logout" time="0.554"/>
  <testcase classname="TestNG.Testautomationpractice" name="openurl" time="3.335"/>
  <testcase classname="TestNG.Testautomationpractice" name="checklogo" time="0.041"/>
  <testcase classname="TestNG.Testautomationpractice" name="close" time="0.66"/>
  <testcase classname="TestNG.Googletestcase" name="Openurl" time="3.872"/>
  <testcase classname="TestNG.Googletestcase" name="Checklogo" time="0.101"/>
  <testcase classname="TestNG.Googletestcase" name="Logout" time="0.829"/>
  <testcase classname="Homeworks.U1" name="A1" time="7.757"/>
  <testcase classname="Homeworks.Uma1" name="Google" time="10.001"/>
</testsuite> <!-- Test -->
