<?xml version="1.0" encoding="UTF-8"?>
<!-- Generated by org.testng.reporters.JUnitXMLReporter -->
<testsuite ignored="0" hostname="DESKTOP-460CLSS" failures="0" tests="15" name="Test" time="39.233" errors="0" timestamp="2024-10-28T15:40:12 CDT">
  <testcase classname="TestNG.Firsttestcase" name="Openapp" time="0.011"/>
  <testcase classname="TestNG.Firsttestcase" name="Login" time="0.002"/>
  <testcase classname="TestNG.Firsttestcase" name="Logout" time="0.003"/>
  <testcase classname="TestNG.OrangeHRMtestcase" name="Openapp" time="5.099"/>
  <testcase classname="TestNG.OrangeHRMtestcase" name="Testlogo" time="3.077"/>
  <testcase classname="TestNG.OrangeHRMtestcase" name="Login" time="1.061"/>
  <testcase classname="TestNG.OrangeHRMtestcase" name="Logout" time="0.666"/>
  <testcase classname="TestNG.Testautomationpractice" name="openurl" time="3.389"/>
  <testcase classname="TestNG.Testautomationpractice" name="checklogo" time="0.03"/>
  <testcase classname="TestNG.Testautomationpractice" name="close" time="0.595"/>
  <testcase classname="TestNG.Googletestcase" name="Openurl" time="3.656"/>
  <testcase classname="TestNG.Googletestcase" name="Checklogo" time="0.06"/>
  <testcase classname="TestNG.Googletestcase" name="Logout" time="0.551"/>
  <testcase classname="Homeworks.U1" name="A1" time="7.905"/>
  <testcase classname="Homeworks.Uma1" name="Google" time="12.97"/>
</testsuite> <!-- Test -->
