<?xml version="1.0" encoding="UTF-8"?>
<!-- Generated by org.testng.reporters.JUnitXMLReporter -->
<testsuite ignored="0" hostname="DESKTOP-460CLSS" failures="0" tests="18" name="Test" time="62.236" errors="0" timestamp="2024-11-01T15:07:16 CDT">
  <testcase classname="TestNG.Firsttestcase" name="Openapp" time="0.013"/>
  <testcase classname="TestNG.Firsttestcase" name="Login" time="0.004"/>
  <testcase classname="TestNG.Firsttestcase" name="Logout" time="0.001"/>
  <testcase classname="TestNG.OrangeHRMtestcase" name="Openapp" time="5.73"/>
  <testcase classname="TestNG.OrangeHRMtestcase" name="Testlogo" time="3.116"/>
  <testcase classname="TestNG.OrangeHRMtestcase" name="Login" time="1.299"/>
  <testcase classname="TestNG.OrangeHRMtestcase" name="Logout" time="0.671"/>
  <testcase classname="TestNG.Testautomationpractice" name="openurl" time="3.4"/>
  <testcase classname="TestNG.Testautomationpractice" name="checklogo" time="0.075"/>
  <testcase classname="TestNG.Testautomationpractice" name="close" time="0.711"/>
  <testcase classname="TestNG.Googletestcase" name="Openurl" time="3.182"/>
  <testcase classname="TestNG.Googletestcase" name="Checklogo" time="0.119"/>
  <testcase classname="TestNG.Googletestcase" name="Logout" time="0.539"/>
  <testcase classname="Homeworks.U1" name="A1" time="7.796"/>
  <testcase classname="Homeworks.T2" name="f" time="10.001"/>
  <testcase classname="Homeworks.U_2" name="f" time="7.598"/>
  <testcase classname="Homeworks.A1" name="f" time="7.887"/>
  <testcase classname="Homeworks.Uma1" name="Google" time="9.923"/>
</testsuite> <!-- Test -->
