<?xml version="1.0" encoding="UTF-8"?>
<testsuite xmlns:xsi="http://www.w3.org/2001/XMLSchema-instance" xsi:noNamespaceSchemaLocation="https://maven.apache.org/surefire/maven-surefire-plugin/xsd/surefire-test-report-3.0.xsd" version="3.0" name="TestSuite" time="15.286" tests="7" errors="0" skipped="0" failures="0">
  <properties>
[...]
</properties>
  <testcase name="Openapp" classname="TestNG.Firsttestcase" time="0.02">
    <system-out><![CDATA[Open app...
]]></system-out>
    <system-err><![CDATA[SLF4J: No SLF4J providers were found.
SLF4J: Defaulting to no-operation (NOP) logger implementation
SLF4J: See https://www.slf4j.org/codes.html#noProviders for further details.
]]></system-err>
  </testcase>
  <testcase name="Login" classname="TestNG.Firsttestcase" time="0.006">
    <system-out><![CDATA[Loging the application...
]]></system-out>
  </testcase>
  <testcase name="Logout" classname="TestNG.Firsttestcase" time="0.007">
    <system-out><![CDATA[Logout the application.....
]]></system-out>
  </testcase>
  <testcase name="openapp" classname="TestNG.OrangeHRMtestcase" time="8.406">
    <system-err><![CDATA[Oct 25, 2024 12:05:27 PM org.openqa.selenium.devtools.CdpVersionFinder findNearestMatch
WARNING: Unable to find CDP implementation matching 130
Oct 25, 2024 12:05:27 PM org.openqa.selenium.chromium.ChromiumDriver lambda$new$5
WARNING: Unable to find version of CDP to use for 130.0.6723.69. You may need to include a dependency on a specific version of the CDP using something similar to `org.seleniumhq.selenium:selenium-devtools-v86:4.11.0` where the version ("v86") matches the version of the chromium-based browser you're using and the version number of the artifact is the same as Selenium's.
]]></system-err>
  </testcase>
  <testcase name="testlogo" classname="TestNG.OrangeHRMtestcase" time="3.148">
    <system-out><![CDATA[Logo is Displayed...true
]]></system-out>
  </testcase>
  <testcase name="login" classname="TestNG.OrangeHRMtestcase" time="1.297"/>
  <testcase name="Close" classname="TestNG.OrangeHRMtestcase" time="1.217"/>
</testsuite>