<?xml version="1.0" encoding="UTF-8"?>
<testng-results ignored="0" total="15" passed="15" failed="0" skipped="0">
  <reporter-output>
  </reporter-output>
  <suite started-at="2024-10-28T15:39:33 CDT" name="Suite" finished-at="2024-10-28T15:40:12 CDT" duration-ms="39233">
    <groups>
    </groups>
    <test started-at="2024-10-28T15:39:33 CDT" name="Test" finished-at="2024-10-28T15:40:12 CDT" duration-ms="39233">
      <class name="TestNG.OrangeHRMtestcase">
        <test-method signature="Openapp()[pri:1, instance:TestNG.OrangeHRMtestcase@313ac989]" started-at="2024-10-28T15:39:33 CDT" name="Openapp" finished-at="2024-10-28T15:39:38 CDT" duration-ms="5099" status="PASS">
          <reporter-output>
          </reporter-output>
        </test-method> <!-- Openapp -->
        <test-method signature="Testlogo()[pri:2, instance:TestNG.OrangeHRMtestcase@313ac989]" started-at="2024-10-28T15:39:38 CDT" name="Testlogo" finished-at="2024-10-28T15:39:41 CDT" duration-ms="3077" status="PASS">
          <reporter-output>
          </reporter-output>
        </test-method> <!-- Testlogo -->
        <test-method signature="Login()[pri:3, instance:TestNG.OrangeHRMtestcase@313ac989]" started-at="2024-10-28T15:39:41 CDT" name="Login" finished-at="2024-10-28T15:39:42 CDT" duration-ms="1061" status="PASS">
          <reporter-output>
          </reporter-output>
        </test-method> <!-- Login -->
        <test-method signature="Logout()[pri:4, instance:TestNG.OrangeHRMtestcase@313ac989]" started-at="2024-10-28T15:39:42 CDT" name="Logout" finished-at="2024-10-28T15:39:43 CDT" duration-ms="666" status="PASS">
          <reporter-output>
          </reporter-output>
        </test-method> <!-- Logout -->
      </class> <!-- TestNG.OrangeHRMtestcase -->
      <class name="TestNG.Firsttestcase">
        <test-method signature="Openapp()[pri:1, instance:TestNG.Firsttestcase@55b699ef]" started-at="2024-10-28T15:39:33 CDT" name="Openapp" finished-at="2024-10-28T15:39:33 CDT" duration-ms="11" status="PASS">
          <reporter-output>
          </reporter-output>
        </test-method> <!-- Openapp -->
        <test-method signature="Login()[pri:2, instance:TestNG.Firsttestcase@55b699ef]" started-at="2024-10-28T15:39:33 CDT" name="Login" finished-at="2024-10-28T15:39:33 CDT" duration-ms="2" status="PASS">
          <reporter-output>
          </reporter-output>
        </test-method> <!-- Login -->
        <test-method signature="Logout()[pri:3, instance:TestNG.Firsttestcase@55b699ef]" started-at="2024-10-28T15:39:33 CDT" name="Logout" finished-at="2024-10-28T15:39:33 CDT" duration-ms="3" status="PASS">
          <reporter-output>
          </reporter-output>
        </test-method> <!-- Logout -->
      </class> <!-- TestNG.Firsttestcase -->
      <class name="Homeworks.U1">
        <test-method signature="A1()[pri:0, instance:Homeworks.U1@4135c3b]" started-at="2024-10-28T15:39:51 CDT" name="A1" finished-at="2024-10-28T15:39:59 CDT" duration-ms="7905" status="PASS">
          <reporter-output>
          </reporter-output>
        </test-method> <!-- A1 -->
      </class> <!-- Homeworks.U1 -->
      <class name="TestNG.Testautomationpractice">
        <test-method signature="openurl()[pri:1, instance:TestNG.Testautomationpractice@4562e04d]" started-at="2024-10-28T15:39:43 CDT" name="openurl" finished-at="2024-10-28T15:39:46 CDT" duration-ms="3389" status="PASS">
          <reporter-output>
          </reporter-output>
        </test-method> <!-- openurl -->
        <test-method signature="checklogo()[pri:2, instance:TestNG.Testautomationpractice@4562e04d]" started-at="2024-10-28T15:39:46 CDT" name="checklogo" finished-at="2024-10-28T15:39:46 CDT" duration-ms="30" status="PASS">
          <reporter-output>
          </reporter-output>
        </test-method> <!-- checklogo -->
        <test-method signature="close()[pri:3, instance:TestNG.Testautomationpractice@4562e04d]" started-at="2024-10-28T15:39:46 CDT" name="close" finished-at="2024-10-28T15:39:47 CDT" duration-ms="595" status="PASS">
          <reporter-output>
          </reporter-output>
        </test-method> <!-- close -->
      </class> <!-- TestNG.Testautomationpractice -->
      <class name="TestNG.Googletestcase">
        <test-method signature="Openurl()[pri:1, instance:TestNG.Googletestcase@2a65fe7c]" started-at="2024-10-28T15:39:47 CDT" name="Openurl" finished-at="2024-10-28T15:39:51 CDT" duration-ms="3656" status="PASS">
          <reporter-output>
          </reporter-output>
        </test-method> <!-- Openurl -->
        <test-method signature="Checklogo()[pri:2, instance:TestNG.Googletestcase@2a65fe7c]" started-at="2024-10-28T15:39:51 CDT" name="Checklogo" finished-at="2024-10-28T15:39:51 CDT" duration-ms="60" status="PASS">
          <reporter-output>
          </reporter-output>
        </test-method> <!-- Checklogo -->
        <test-method signature="Logout()[pri:3, instance:TestNG.Googletestcase@2a65fe7c]" started-at="2024-10-28T15:39:51 CDT" name="Logout" finished-at="2024-10-28T15:39:51 CDT" duration-ms="551" status="PASS">
          <reporter-output>
          </reporter-output>
        </test-method> <!-- Logout -->
      </class> <!-- TestNG.Googletestcase -->
      <class name="Homeworks.Uma1">
        <test-method signature="Google()[pri:0, instance:Homeworks.Uma1@6302bbb1]" started-at="2024-10-28T15:39:59 CDT" name="Google" finished-at="2024-10-28T15:40:12 CDT" duration-ms="12970" status="PASS">
          <reporter-output>
          </reporter-output>
        </test-method> <!-- Google -->
      </class> <!-- Homeworks.Uma1 -->
    </test> <!-- Test -->
  </suite> <!-- Suite -->
</testng-results>
