<?xml version="1.0" encoding="UTF-8"?>
<testsuite xmlns:xsi="http://www.w3.org/2001/XMLSchema-instance" xsi:noNamespaceSchemaLocation="https://maven.apache.org/surefire/maven-surefire-plugin/xsd/surefire-test-report-3.0.xsd" version="3.0" name="TestSuite" time="136.079" tests="12" errors="0" skipped="0" failures="0">
  <properties>
[...]
</properties>
  <testcase name="Df" classname="GoogleHomeworks.D" time="13.304">
    <system-out><![CDATA[Message: Google
Message: Window Maximized
Message: Selenium text printed
Total list from dropdown: 13
selenium
selenium benefits
selenium supplement
selenium sulfide
Message: selenium sulfide - Google Search
]]></system-out>
    <system-err><![CDATA[SLF4J(W): No SLF4J providers were found.
SLF4J(W): Defaulting to no-operation (NOP) logger implementation
SLF4J(W): See https://www.slf4j.org/codes.html#noProviders for further details.
Nov 22, 2024 3:48:24 PM org.openqa.selenium.devtools.CdpVersionFinder findNearestMatch
WARNING: Unable to find an exact match for CDP version 130, returning the closest version; found: 129; Please update to a Selenium version that supports CDP version 130
]]></system-err>
  </testcase>
  <testcase name="fE" classname="GoogleHomeworks.E" time="10.294">
    <system-out><![CDATA[Message: Google
Message: Window maximized
Message: Selenium text printed
Total list from dropdown: 13
selenium
selenium benefits
selenium supplement
selenium sulfide
selenium foods
selenium sulfide shampoo
selenium rich foods
selenium toxicity
Message: selenium toxicity - Google Search
]]></system-out>
    <system-err><![CDATA[Nov 22, 2024 3:48:35 PM org.openqa.selenium.devtools.CdpVersionFinder findNearestMatch
WARNING: Unable to find an exact match for CDP version 130, returning the closest version; found: 129; Please update to a Selenium version that supports CDP version 130
]]></system-err>
  </testcase>
  <testcase name="Bf" classname="GoogleHomeworks.B" time="11.293">
    <system-out><![CDATA[Message: Google
Message: Window maximized
Message: Selenium text printed 
Total list from the dropdown: 13
selenium
selenium benefits
selenium supplement
selenium sulfide
selenium foods
selenium sulfide shampoo
selenium rich foods
selenium toxicity
selenium maven dependency
selenium python
Message: selenium python - Google Search
]]></system-out>
    <system-err><![CDATA[Nov 22, 2024 3:48:46 PM org.openqa.selenium.devtools.CdpVersionFinder findNearestMatch
WARNING: Unable to find an exact match for CDP version 130, returning the closest version; found: 129; Please update to a Selenium version that supports CDP version 130
]]></system-err>
  </testcase>
  <testcase name="f" classname="GoogleHomeworks.C" time="10.979">
    <system-out><![CDATA[Message: Google
Message: Window maximized
Message: Selenium text printed
Total list from the dropdown: 13
selenium
selenium benefits
selenium sulfide
selenium foods
selenium sulfide shampoo
selenium python
selenium rich foods
Message: selenium rich foods - Google Search
]]></system-out>
    <system-err><![CDATA[Nov 22, 2024 3:48:58 PM org.openqa.selenium.devtools.CdpVersionFinder findNearestMatch
WARNING: Unable to find an exact match for CDP version 130, returning the closest version; found: 129; Please update to a Selenium version that supports CDP version 130
]]></system-err>
  </testcase>
  <testcase name="Hf" classname="GoogleHomeworks.H" time="10.495">
    <system-out><![CDATA[Message: Google
Message: Window Maximized
Message: Selenium text printed
Total list from dropdown: 13
selenium
selenium benefits
selenium supplement
Message: selenium supplement - Google Search
]]></system-out>
    <system-err><![CDATA[Nov 22, 2024 3:49:08 PM org.openqa.selenium.devtools.CdpVersionFinder findNearestMatch
WARNING: Unable to find an exact match for CDP version 130, returning the closest version; found: 129; Please update to a Selenium version that supports CDP version 130
]]></system-err>
  </testcase>
  <testcase name="If" classname="GoogleHomeworks.I" time="10.64">
    <system-out><![CDATA[Message: Google
Message: Window maximized
Message:selenium text printed 
Total list from dropdown: 13
selenium
selenium benefits
selenium supplement
selenium sulfide
selenium foods
selenium sulfide shampoo
selenium python
Message: selenium python - Google Search
]]></system-out>
    <system-err><![CDATA[Nov 22, 2024 3:49:18 PM org.openqa.selenium.devtools.CdpVersionFinder findNearestMatch
WARNING: Unable to find an exact match for CDP version 130, returning the closest version; found: 129; Please update to a Selenium version that supports CDP version 130
]]></system-err>
  </testcase>
  <testcase name="Ff" classname="GoogleHomeworks.F" time="12.134">
    <system-out><![CDATA[Message: Google
Message: Window maximized
Message: Selenium text printed
Total list from dropdown: 13
selenium
selenium benefits
selenium supplement
selenium sulfide
selenium foods
selenium sulfide shampoo
Message: selenium sulfide shampoo - Google Search
]]></system-out>
    <system-err><![CDATA[Nov 22, 2024 3:49:29 PM org.openqa.selenium.devtools.CdpVersionFinder findNearestMatch
WARNING: Unable to find an exact match for CDP version 130, returning the closest version; found: 129; Please update to a Selenium version that supports CDP version 130
]]></system-err>
  </testcase>
  <testcase name="Gf" classname="GoogleHomeworks.G" time="9.763">
    <system-out><![CDATA[Message:Google
Message: Window maximized
Message: Selenium text printed
Total list from the dropdown:13
selenium
selenium benefits
selenium supplement
selenium sulfide
Message: selenium sulfide - Google Search
]]></system-out>
    <system-err><![CDATA[Nov 22, 2024 3:49:41 PM org.openqa.selenium.devtools.CdpVersionFinder findNearestMatch
WARNING: Unable to find an exact match for CDP version 130, returning the closest version; found: 129; Please update to a Selenium version that supports CDP version 130
]]></system-err>
  </testcase>
  <testcase name="f" classname="GoogleHomeworks.U_2" time="7.189">
    <system-out><![CDATA[Message: Google
Message:  Window maximized
Text printed......
Total list from the dropdown: 13
selenium
selenium benefits
selenium sulfide
selenium foods
]]></system-out>
    <system-err><![CDATA[Nov 22, 2024 3:49:50 PM org.openqa.selenium.devtools.CdpVersionFinder findNearestMatch
WARNING: Unable to find an exact match for CDP version 130, returning the closest version; found: 129; Please update to a Selenium version that supports CDP version 130
]]></system-err>
  </testcase>
  <testcase name="f" classname="GoogleHomeworks.A1" time="9.948">
    <system-out><![CDATA[Message: Google
Window Maximized....
Text entered 
Total list from the dropdown: 13
selenium
selenium benefits
selenium supplement
selenium sulfide
selenium foods
]]></system-out>
    <system-err><![CDATA[Nov 22, 2024 3:49:57 PM org.openqa.selenium.devtools.CdpVersionFinder findNearestMatch
WARNING: Unable to find an exact match for CDP version 130, returning the closest version; found: 129; Please update to a Selenium version that supports CDP version 130
]]></system-err>
  </testcase>
  <testcase name="Af" classname="GoogleHomeworks.A" time="14.273">
    <system-out><![CDATA[Message: Google
Message: Window Maximized
Message: Text printed
Total list from the dropdown: 13
selenium
selenium benefits
selenium supplement
selenium sulfide
selenium foods
selenium sulfide shampoo
Message: selenium sulfide shampoo - Google Search
]]></system-out>
    <system-err><![CDATA[Nov 22, 2024 3:50:08 PM org.openqa.selenium.devtools.CdpVersionFinder findNearestMatch
WARNING: Unable to find an exact match for CDP version 130, returning the closest version; found: 129; Please update to a Selenium version that supports CDP version 130
]]></system-err>
  </testcase>
  <testcase name="Google" classname="GoogleHomeworks.Uma1" time="14.232">
    <system-out><![CDATA[URL Opened....
Selenium text printed
Total items from the dropdown:13
selenium
selenium benefits
selenium supplement
selenium sulfide
selenium foods
Test Pass..
]]></system-out>
    <system-err><![CDATA[Nov 22, 2024 3:50:22 PM org.openqa.selenium.devtools.CdpVersionFinder findNearestMatch
WARNING: Unable to find an exact match for CDP version 130, returning the closest version; found: 129; Please update to a Selenium version that supports CDP version 130
]]></system-err>
  </testcase>
</testsuite>