<?xml version="1.0" encoding="UTF-8"?>
<testng-results ignored="0" total="4" passed="4" failed="0" skipped="0">
  <reporter-output>
  </reporter-output>
  <suite started-at="2024-10-25T10:39:30 CDT" name="Default suite" finished-at="2024-10-25T10:39:44 CDT" duration-ms="13510">
    <groups>
    </groups>
    <test started-at="2024-10-25T10:39:30 CDT" name="Default test" finished-at="2024-10-25T10:39:44 CDT" duration-ms="13510">
      <class name="TestNG.OrangeHRMtestcase">
        <test-method signature="openapp()[pri:1, instance:TestNG.OrangeHRMtestcase@501edcf1]" started-at="2024-10-25T10:39:31 CDT" name="openapp" finished-at="2024-10-25T10:39:38 CDT" duration-ms="7760" status="PASS">
          <reporter-output>
          </reporter-output>
        </test-method> <!-- openapp -->
        <test-method signature="testlogo()[pri:2, instance:TestNG.OrangeHRMtestcase@501edcf1]" started-at="2024-10-25T10:39:38 CDT" name="testlogo" finished-at="2024-10-25T10:39:41 CDT" duration-ms="3162" status="PASS">
          <reporter-output>
          </reporter-output>
        </test-method> <!-- testlogo -->
        <test-method signature="login()[pri:3, instance:TestNG.OrangeHRMtestcase@501edcf1]" started-at="2024-10-25T10:39:41 CDT" name="login" finished-at="2024-10-25T10:39:42 CDT" duration-ms="537" status="PASS">
          <reporter-output>
          </reporter-output>
        </test-method> <!-- login -->
        <test-method signature="Close()[pri:4, instance:TestNG.OrangeHRMtestcase@501edcf1]" started-at="2024-10-25T10:39:42 CDT" name="Close" finished-at="2024-10-25T10:39:44 CDT" duration-ms="1896" status="PASS">
          <reporter-output>
          </reporter-output>
        </test-method> <!-- Close -->
      </class> <!-- TestNG.OrangeHRMtestcase -->
    </test> <!-- Default test -->
  </suite> <!-- Default suite -->
</testng-results>
