<?xml version="1.0" encoding="UTF-8"?>
<testng-results ignored="0" total="1" passed="1" failed="0" skipped="0">
  <reporter-output>
  </reporter-output>
  <suite started-at="2024-11-09T11:27:38 CST" name="Default suite" finished-at="2024-11-09T11:27:51 CST" duration-ms="12623">
    <groups>
    </groups>
    <test started-at="2024-11-09T11:27:38 CST" name="Default test" finished-at="2024-11-09T11:27:51 CST" duration-ms="12623">
      <class name="GoogleHomeworks.E1">
        <test-method signature="fE1()[pri:1, instance:GoogleHomeworks.E1@459e9125]" started-at="2024-11-09T11:27:38 CST" name="fE1" finished-at="2024-11-09T11:27:51 CST" duration-ms="12549" status="PASS">
          <reporter-output>
          </reporter-output>
        </test-method> <!-- fE1 -->
      </class> <!-- GoogleHomeworks.E1 -->
    </test> <!-- Default test -->
  </suite> <!-- Default suite -->
</testng-results>
